<?xml version="1.0" encoding="UTF-8"?>
<!-- Generated by org.testng.reporters.JUnitReportReporter -->
<testsuite skipped="0" hostname="Samsung" name="com.selenium.testng.AnnotationsDependency" tests="5" failures="0" timestamp="11 Sep 2018 06:00:18 GMT" time="0.125" errors="0">
  <testcase name="Ftest" time="0.016" classname="com.selenium.testng.AnnotationsDependency"/>
  <testcase name="Four" time="0.015" classname="com.selenium.testng.AnnotationsDependency"/>
  <testcase name="Fifth" time="0.063" classname="com.selenium.testng.AnnotationsDependency"/>
  <testcase name="Ttest" time="0.015" classname="com.selenium.testng.AnnotationsDependency"/>
  <testcase name="Stest" time="0.016" classname="com.selenium.testng.AnnotationsDependency"/>
</testsuite> <!-- com.selenium.testng.AnnotationsDependency -->
