<?xml version="1.0" encoding="UTF-8"?>
<!-- Generated by org.testng.reporters.JUnitReportReporter -->
<testsuite skipped="0" hostname="Samsung" name="com.selenium.testng.WebbrowserLaunching" tests="1" failures="0" timestamp="11 Sep 2018 07:14:37 GMT" time="38.452" errors="0">
  <testcase name="testt" time="38.452" classname="com.selenium.testng.WebbrowserLaunching"/>
</testsuite> <!-- com.selenium.testng.WebbrowserLaunching -->
