<?xml version="1.0" encoding="UTF-8"?>
<!-- Generated by org.testng.reporters.JUnitReportReporter -->
<testsuite skipped="2" hostname="Samsung" name="com.selenium.alltopics.AnnotationsOrder" tests="2" failures="0" timestamp="25 Oct 2018 07:00:12 GMT" time="0.000" errors="0">
  <testcase name="test2" time="0.000" classname="com.selenium.alltopics.AnnotationsOrder">
    <skipped/>
  </testcase> <!-- test2 -->
  <testcase name="test1" time="0.000" classname="com.selenium.alltopics.AnnotationsOrder">
    <skipped/>
  </testcase> <!-- test1 -->
</testsuite> <!-- com.selenium.alltopics.AnnotationsOrder -->
