<?xml version="1.0" encoding="UTF-8"?>
<!-- Generated by org.testng.reporters.JUnitReportReporter -->
<testsuite skipped="1" hostname="Samsung" name="com.selenium.alltopics.DropDown" tests="1" failures="0" timestamp="25 Oct 2018 07:00:12 GMT" time="0.000" errors="0">
  <testcase name="dropdown" time="0.000" classname="com.selenium.alltopics.DropDown">
    <skipped/>
  </testcase> <!-- dropdown -->
</testsuite> <!-- com.selenium.alltopics.DropDown -->
