<?xml version="1.0" encoding="UTF-8"?>
<!-- Generated by org.testng.reporters.JUnitReportReporter -->
<testsuite skipped="0" hostname="Samsung" name="com.selenium.junit.ConformationDemo" tests="1" failures="0" timestamp="06 Aug 2018 03:59:46 GMT" time="0.569" errors="0">
  <testcase name="confirm" time="0.569" classname="com.selenium.junit.ConformationDemo"/>
</testsuite> <!-- com.selenium.junit.ConformationDemo -->
