<?xml version="1.0" encoding="UTF-8"?>
<!-- Generated by org.testng.reporters.JUnitReportReporter -->
<testsuite skipped="0" hostname="Samsung" name="com.selenium.testng.AnnotationsOrder" tests="2" failures="0" timestamp="11 Sep 2018 05:50:06 GMT" time="0.028" errors="0">
  <testcase name="Ftest" time="0.021" classname="com.selenium.testng.AnnotationsOrder"/>
  <testcase name="Stest" time="0.007" classname="com.selenium.testng.AnnotationsOrder"/>
</testsuite> <!-- com.selenium.testng.AnnotationsOrder -->
