<?xml version="1.0" encoding="UTF-8"?>
<!-- Generated by org.testng.reporters.JUnitReportReporter -->
<testsuite skipped="0" hostname="Samsung" name="com.selenium.alltopics.HandlingFrames" tests="1" failures="0" timestamp="25 Oct 2018 07:30:09 GMT" time="75.417" errors="0">
  <testcase name="framehandling" time="75.417" classname="com.selenium.alltopics.HandlingFrames"/>
</testsuite> <!-- com.selenium.alltopics.HandlingFrames -->
