<?xml version="1.0" encoding="UTF-8"?>
<!-- Generated by org.testng.reporters.JUnitReportReporter -->
<testsuite skipped="0" hostname="Samsung" name="com.selenium.alltopics.ExampleSite" tests="1" failures="0" timestamp="25 Oct 2018 07:24:03 GMT" time="87.035" errors="0">
  <testcase name="ExampleSite" time="87.035" classname="com.selenium.alltopics.ExampleSite"/>
</testsuite> <!-- com.selenium.alltopics.ExampleSite -->
