<?xml version="1.0" encoding="UTF-8"?>
<!-- Generated by org.testng.reporters.JUnitReportReporter -->
<testsuite skipped="0" hostname="Samsung" name="com.selenium.testng.Datepicker" tests="1" failures="0" timestamp="04 Sep 2018 09:46:07 GMT" time="112.325" errors="0">
  <testcase name="test1" time="112.325" classname="com.selenium.testng.Datepicker"/>
</testsuite> <!-- com.selenium.testng.Datepicker -->
