<?xml version="1.0" encoding="UTF-8"?>
<!-- Generated by org.testng.reporters.JUnitReportReporter -->
<testsuite skipped="0" hostname="Samsung" name="com.selenium.testng.AnnotationsGroups" tests="4" failures="0" timestamp="11 Sep 2018 06:43:41 GMT" time="0.108" errors="0">
  <testcase name="LoginPage" time="0.077" classname="com.selenium.testng.AnnotationsGroups"/>
  <testcase name="Username" time="0.015" classname="com.selenium.testng.AnnotationsGroups"/>
  <testcase name="password" time="0.000" classname="com.selenium.testng.AnnotationsGroups"/>
  <testcase name="Home" time="0.016" classname="com.selenium.testng.AnnotationsGroups"/>
</testsuite> <!-- com.selenium.testng.AnnotationsGroups -->
