<?xml version="1.0" encoding="UTF-8"?>
<!-- Generated by org.testng.reporters.JUnitReportReporter -->
<testsuite skipped="1" hostname="Samsung" name="com.selenium.alltopics.DatePickerTables" tests="1" failures="0" timestamp="25 Oct 2018 07:00:12 GMT" time="0.015" errors="0">
  <testcase name="webtable" time="0.015" classname="com.selenium.alltopics.DatePickerTables">
    <skipped/>
  </testcase> <!-- webtable -->
</testsuite> <!-- com.selenium.alltopics.DatePickerTables -->
