<?xml version="1.0" encoding="UTF-8"?>
<!-- Generated by org.testng.reporters.JUnitReportReporter -->
<testsuite skipped="0" hostname="Samsung" name="com.selenium.testng.Screenshot" tests="1" failures="0" timestamp="23 Oct 2018 09:11:41 GMT" time="105.777" errors="0">
  <testcase name="testScreenShot" time="105.777" classname="com.selenium.testng.Screenshot"/>
</testsuite> <!-- com.selenium.testng.Screenshot -->
