<?xml version="1.0" encoding="UTF-8"?>
<!-- Generated by org.testng.reporters.JUnitReportReporter -->
<testsuite skipped="0" hostname="Samsung" name="com.selenium.alltopics.MultiDropdown" tests="1" failures="0" timestamp="25 Oct 2018 07:30:09 GMT" time="24.813" errors="0">
  <testcase name="mm" time="24.813" classname="com.selenium.alltopics.MultiDropdown"/>
</testsuite> <!-- com.selenium.alltopics.MultiDropdown -->
