<?xml version="1.0" encoding="UTF-8"?>
<!-- Generated by org.testng.reporters.JUnitReportReporter -->
<testsuite skipped="1" hostname="Samsung" name="com.selenium.alltopics.HandlingAlerts" tests="1" failures="0" timestamp="25 Oct 2018 07:00:12 GMT" time="0.000" errors="0">
  <testcase name="alertHandling" time="0.000" classname="com.selenium.alltopics.HandlingAlerts">
    <skipped/>
  </testcase> <!-- alertHandling -->
</testsuite> <!-- com.selenium.alltopics.HandlingAlerts -->
