<?xml version="1.0" encoding="UTF-8"?>
<!-- Generated by org.testng.reporters.JUnitReportReporter -->
<testsuite skipped="1" hostname="Samsung" name="com.selenium.alltopics.AutoCompleteSugges" tests="1" failures="0" timestamp="25 Oct 2018 07:00:12 GMT" time="0.000" errors="0">
  <testcase name="suggessions" time="0.000" classname="com.selenium.alltopics.AutoCompleteSugges">
    <skipped/>
  </testcase> <!-- suggessions -->
</testsuite> <!-- com.selenium.alltopics.AutoCompleteSugges -->
