<?xml version="1.0" encoding="UTF-8"?>
<!-- Generated by org.testng.reporters.JUnitReportReporter -->
<testsuite skipped="0" hostname="Samsung" name="com.selenium.testng.Irctc" tests="1" failures="0" timestamp="11 Sep 2018 10:21:02 GMT" time="37.186" errors="0">
  <testcase name="test1" time="37.186" classname="com.selenium.testng.Irctc"/>
</testsuite> <!-- com.selenium.testng.Irctc -->
