<?xml version="1.0" encoding="UTF-8"?>
<!-- Generated by org.testng.reporters.JUnitReportReporter -->
<testsuite skipped="0" hostname="Samsung" name="com.selenium.testng.AnnotationsPriority" tests="5" failures="0" timestamp="11 Sep 2018 05:54:24 GMT" time="0.100" errors="0">
  <testcase name="Ftest" time="0.029" classname="com.selenium.testng.AnnotationsPriority"/>
  <testcase name="Ttest" time="0.030" classname="com.selenium.testng.AnnotationsPriority"/>
  <testcase name="Stest" time="0.021" classname="com.selenium.testng.AnnotationsPriority"/>
  <testcase name="Four" time="0.009" classname="com.selenium.testng.AnnotationsPriority"/>
  <testcase name="Fifth" time="0.011" classname="com.selenium.testng.AnnotationsPriority"/>
</testsuite> <!-- com.selenium.testng.AnnotationsPriority -->
