<?xml version="1.0" encoding="UTF-8"?>
<!-- Generated by org.testng.reporters.JUnitReportReporter -->
<testsuite skipped="1" hostname="Samsung" name="com.selenium.alltopics.ConfirmationDemo" tests="1" failures="0" timestamp="25 Oct 2018 07:00:12 GMT" time="0.000" errors="0">
  <testcase name="Confirm" time="0.000" classname="com.selenium.alltopics.ConfirmationDemo">
    <skipped/>
  </testcase> <!-- Confirm -->
</testsuite> <!-- com.selenium.alltopics.ConfirmationDemo -->
